12:54:10 **** Incremental Build of configuration Nios II for project hello_world_small ****
make all 
Info: Building ../hello_world_small_bsp/
C:/altera/16.0/nios2eds/bin/gnu/H-x86_64-mingw32/bin/make --no-print-directory -C ../hello_world_small_bsp/
[BSP build complete]
[hello_world_small build complete]
12:54:22 **** Build of configuration Nios II for project hello_world_small ****
make all 
Info: Building ../hello_world_small_bsp/
C:/altera/16.0/nios2eds/bin/gnu/H-x86_64-mingw32/bin/make --no-print-directory -C ../hello_world_small_bsp/
[BSP build complete]
[hello_world_small build complete]
12:54:23 **** Incremental Build of configuration Nios II for project hello_world_small ****
make all 
Info: Building ../hello_world_small_bsp/
C:/altera/16.0/nios2eds/bin/gnu/H-x86_64-mingw32/bin/make --no-print-directory -C ../hello_world_small_bsp/
[BSP build complete]
[hello_world_small build complete]
12:55:39 **** Build of configuration Nios II for project Count_binary ****
make all 
Info: Building ../Count_Binary_bsp/
C:/altera/16.0/nios2eds/bin/gnu/H-x86_64-mingw32/bin/make --no-print-directory -C ../Count_Binary_bsp/
[BSP build complete]
[Count_Binary build complete]
12:55:40 **** Incremental Build of configuration Nios II for project Count_binary ****
make all 
Info: Building ../Count_Binary_bsp/
C:/altera/16.0/nios2eds/bin/gnu/H-x86_64-mingw32/bin/make --no-print-directory -C ../Count_Binary_bsp/
[BSP build complete]
[Count_Binary build complete]
12:58:17 **** Build of configuration Nios II for project lights ****
make all 
Info: Building ../lights_bsp/
C:/altera/16.0/nios2eds/bin/gnu/H-x86_64-mingw32/bin/make --no-print-directory -C ../lights_bsp/
[BSP build complete]
[lights build complete]
12:58:18 **** Incremental Build of configuration Nios II for project lights ****
make all 
Info: Building ../lights_bsp/
C:/altera/16.0/nios2eds/bin/gnu/H-x86_64-mingw32/bin/make --no-print-directory -C ../lights_bsp/
[BSP build complete]
[lights build complete]
12:58:44 **** Build of configuration Nios II for project hello_world_small ****
make all 
Info: Building ../hello_world_small_bsp/
C:/altera/16.0/nios2eds/bin/gnu/H-x86_64-mingw32/bin/make --no-print-directory -C ../hello_world_small_bsp/
[BSP build complete]
[hello_world_small build complete]
12:58:45 **** Incremental Build of configuration Nios II for project hello_world_small ****
make all 
Info: Building ../hello_world_small_bsp/
C:/altera/16.0/nios2eds/bin/gnu/H-x86_64-mingw32/bin/make --no-print-directory -C ../hello_world_small_bsp/
[BSP build complete]
[hello_world_small build complete]
