#! /usr/local/Cellar/icarus-verilog/0.9.7/bin/vvp
:ivl_version "0.9.7 " "(v0_9_7)";
:vpi_time_precision + 0;
:vpi_module "system";
:vpi_module "v2005_math";
:vpi_module "va_math";
S_0x7f8cd6e00150 .scope module, "scanner" "scanner" 2 3;
 .timescale 0 0;
P_0x7f8cd6e00238 .param/l "active" 2 20, C4<001>;
P_0x7f8cd6e00260 .param/l "flush" 2 20, C4<100>;
P_0x7f8cd6e00288 .param/l "idle" 2 20, C4<011>;
P_0x7f8cd6e002b0 .param/l "lowPower" 2 20, C4<000>;
P_0x7f8cd6e002d8 .param/l "standby" 2 20, C4<010>;
P_0x7f8cd6e00300 .param/l "transtage" 2 20, C4<101>;
v0x7f8cd6e10e10_0 .net "address", 3 0, v0x7f8cd6e10820_0; 1 drivers
v0x7f8cd6e10e90_0 .net "clk", 0 0, C4<z>; 0 drivers
v0x7f8cd6e10f10_0 .net "data_in", 7 0, C4<zzzzzzzz>; 0 drivers
v0x7f8cd6e10f90_0 .net "data_out", 7 0, L_0x7f8cd6e11470; 1 drivers
v0x7f8cd6e11030_0 .net "flush_signal", 0 0, C4<z>; 0 drivers
v0x7f8cd6e110e0_0 .net "go_to_standby", 0 0, C4<z>; 0 drivers
v0x7f8cd6e11160_0 .var "mem_rst", 0 0;
v0x7f8cd6e11220_0 .var "next", 2 0;
v0x7f8cd6e112a0_0 .var "read_address", 3 0;
v0x7f8cd6e11370_0 .net "read_inc", 0 0, C4<z>; 0 drivers
v0x7f8cd6e113f0_0 .var "ready_second_buffer", 0 0;
v0x7f8cd6e114d0_0 .var "ready_to_transfer", 0 0;
v0x7f8cd6e11550_0 .net "rst", 0 0, C4<z>; 0 drivers
v0x7f8cd6e11640_0 .net "start_scan", 0 0, C4<z>; 0 drivers
v0x7f8cd6e116c0_0 .var "start_second_buffer", 0 0;
v0x7f8cd6e117c0_0 .var "state", 2 0;
v0x7f8cd6e11840_0 .net "transfer", 0 0, C4<z>; 0 drivers
v0x7f8cd6e11740_0 .net "wr_en", 0 0, C4<z>; 0 drivers
E_0x7f8cd6e00500 .event posedge, v0x7f8cd6e108c0_0;
E_0x7f8cd6e00550 .event posedge, v0x7f8cd6e11370_0;
E_0x7f8cd6e00590/0 .event negedge, v0x7f8cd6e11550_0;
E_0x7f8cd6e00590/1 .event posedge, v0x7f8cd6e108c0_0;
E_0x7f8cd6e00590 .event/or E_0x7f8cd6e00590/0, E_0x7f8cd6e00590/1;
S_0x7f8cd6e005c0 .scope module, "buff" "buffer_new" 2 18, 3 1, S_0x7f8cd6e00150;
 .timescale 0 0;
L_0x7f8cd6e11470 .functor BUFZ 8, L_0x7f8cd6e11950, C4<00000000>, C4<00000000>, C4<00000000>;
L_0x7f8cd6e11a20 .functor NOT 1, v0x7f8cd6e11160_0, C4<0>, C4<0>, C4<0>;
v0x7f8cd6e006f0_0 .net *"_s0", 7 0, L_0x7f8cd6e11950; 1 drivers
v0x7f8cd6e10790_0 .net *"_s6", 0 0, L_0x7f8cd6e11a20; 1 drivers
v0x7f8cd6e10820_0 .var "address", 3 0;
v0x7f8cd6e108c0_0 .alias "clk", 0 0, v0x7f8cd6e10e90_0;
v0x7f8cd6e10950_0 .alias "data_in", 7 0, v0x7f8cd6e10f10_0;
v0x7f8cd6e10a10_0 .alias "data_out", 7 0, v0x7f8cd6e10f90_0;
v0x7f8cd6e10aa0_0 .var/i "i", 31 0;
v0x7f8cd6e10b60 .array "m", 9 0, 7 0;
v0x7f8cd6e10be0_0 .net "mem_rst", 0 0, v0x7f8cd6e11160_0; 1 drivers
v0x7f8cd6e10cb0_0 .net "read_address", 3 0, v0x7f8cd6e112a0_0; 1 drivers
v0x7f8cd6e10d30_0 .alias "wr_en", 0 0, v0x7f8cd6e11740_0;
E_0x7f8cd6e006a0 .event edge, L_0x7f8cd6e11a20, v0x7f8cd6e10d30_0;
L_0x7f8cd6e11950 .array/port v0x7f8cd6e10b60, v0x7f8cd6e112a0_0;
    .scope S_0x7f8cd6e005c0;
T_0 ;
    %wait E_0x7f8cd6e006a0;
    %load/v 8, v0x7f8cd6e10be0_0, 1;
    %inv 8, 1;
    %jmp/0xz  T_0.0, 8;
    %set/v v0x7f8cd6e10aa0_0, 0, 32;
T_0.2 ;
    %load/v 8, v0x7f8cd6e10aa0_0, 32;
   %cmpi/s 8, 10, 32;
    %jmp/0xz T_0.3, 5;
    %ix/getv/s 3, v0x7f8cd6e10aa0_0;
    %jmp/1 t_0, 4;
    %ix/load 0, 8, 0; word width
    %ix/load 1, 0, 0; part off
    %assign/av v0x7f8cd6e10b60, 0, 0;
t_0 ;
    %ix/load 0, 1, 0;
    %load/vp0/s 8, v0x7f8cd6e10aa0_0, 32;
    %set/v v0x7f8cd6e10aa0_0, 8, 32;
    %jmp T_0.2;
T_0.3 ;
    %ix/load 0, 4, 0;
    %assign/v0 v0x7f8cd6e10820_0, 0, 0;
    %jmp T_0.1;
T_0.0 ;
    %load/v 8, v0x7f8cd6e10d30_0, 1;
    %jmp/0xz  T_0.4, 8;
    %load/v 8, v0x7f8cd6e10950_0, 8;
    %ix/getv 3, v0x7f8cd6e10820_0;
    %jmp/1 t_1, 4;
    %ix/load 0, 8, 0; word width
    %ix/load 1, 0, 0; part off
    %assign/av v0x7f8cd6e10b60, 0, 8;
t_1 ;
    %jmp T_0.5;
T_0.4 ;
    %load/v 8, v0x7f8cd6e10d30_0, 1;
    %inv 8, 1;
    %jmp/0xz  T_0.6, 8;
    %ix/load 0, 1, 0;
    %load/vp0 8, v0x7f8cd6e10820_0, 4;
    %ix/load 0, 4, 0;
    %assign/v0 v0x7f8cd6e10820_0, 0, 8;
T_0.6 ;
T_0.5 ;
T_0.1 ;
    %jmp T_0;
    .thread T_0, $push;
    .scope S_0x7f8cd6e00150;
T_1 ;
    %set/v v0x7f8cd6e113f0_0, 0, 1;
    %end;
    .thread T_1;
    .scope S_0x7f8cd6e00150;
T_2 ;
    %set/v v0x7f8cd6e116c0_0, 0, 1;
    %end;
    .thread T_2;
    .scope S_0x7f8cd6e00150;
T_3 ;
    %set/v v0x7f8cd6e112a0_0, 0, 4;
    %end;
    .thread T_3;
    .scope S_0x7f8cd6e00150;
T_4 ;
    %wait E_0x7f8cd6e00590;
    %load/v 8, v0x7f8cd6e11550_0, 1;
    %inv 8, 1;
    %jmp/0xz  T_4.0, 8;
    %ix/load 0, 3, 0;
    %assign/v0 v0x7f8cd6e117c0_0, 0, 0;
    %ix/load 0, 4, 0;
    %assign/v0 v0x7f8cd6e112a0_0, 0, 0;
    %jmp T_4.1;
T_4.0 ;
    %load/v 8, v0x7f8cd6e11220_0, 3;
    %ix/load 0, 3, 0;
    %assign/v0 v0x7f8cd6e117c0_0, 0, 8;
T_4.1 ;
    %jmp T_4;
    .thread T_4;
    .scope S_0x7f8cd6e00150;
T_5 ;
    %wait E_0x7f8cd6e00550;
    %movi 8, 9, 4;
    %load/v 12, v0x7f8cd6e112a0_0, 4;
    %cmp/u 8, 12, 4;
    %or 5, 4, 1;
    %jmp/0xz  T_5.0, 5;
    %ix/load 0, 4, 0;
    %assign/v0 v0x7f8cd6e112a0_0, 0, 0;
    %jmp T_5.1;
T_5.0 ;
    %ix/load 0, 1, 0;
    %load/vp0 8, v0x7f8cd6e112a0_0, 4;
    %ix/load 0, 4, 0;
    %assign/v0 v0x7f8cd6e112a0_0, 0, 8;
T_5.1 ;
    %jmp T_5;
    .thread T_5;
    .scope S_0x7f8cd6e00150;
T_6 ;
    %wait E_0x7f8cd6e00500;
    %load/v 8, v0x7f8cd6e117c0_0, 3;
    %cmpi/u 8, 0, 3;
    %jmp/1 T_6.0, 6;
    %cmpi/u 8, 1, 3;
    %jmp/1 T_6.1, 6;
    %cmpi/u 8, 2, 3;
    %jmp/1 T_6.2, 6;
    %cmpi/u 8, 3, 3;
    %jmp/1 T_6.3, 6;
    %cmpi/u 8, 4, 3;
    %jmp/1 T_6.4, 6;
    %cmpi/u 8, 5, 3;
    %jmp/1 T_6.5, 6;
    %jmp T_6.6;
T_6.0 ;
    %ix/load 0, 1, 0;
    %assign/v0 v0x7f8cd6e114d0_0, 0, 0;
    %ix/load 0, 1, 0;
    %assign/v0 v0x7f8cd6e113f0_0, 0, 0;
    %ix/load 0, 1, 0;
    %assign/v0 v0x7f8cd6e116c0_0, 0, 0;
    %ix/load 0, 1, 0;
    %assign/v0 v0x7f8cd6e11160_0, 0, 0;
    %load/v 8, v0x7f8cd6e11640_0, 1;
    %load/v 9, v0x7f8cd6e11840_0, 1;
    %cmpi/u 9, 0, 1;
    %mov 9, 4, 1;
    %and 8, 9, 1;
    %jmp/0xz  T_6.7, 8;
    %movi 8, 1, 3;
    %ix/load 0, 3, 0;
    %assign/v0 v0x7f8cd6e11220_0, 0, 8;
    %jmp T_6.8;
T_6.7 ;
    %load/v 8, v0x7f8cd6e110e0_0, 1;
    %jmp/0xz  T_6.9, 8;
    %movi 8, 2, 3;
    %ix/load 0, 3, 0;
    %assign/v0 v0x7f8cd6e11220_0, 0, 8;
    %jmp T_6.10;
T_6.9 ;
    %ix/load 0, 3, 0;
    %assign/v0 v0x7f8cd6e11220_0, 0, 0;
T_6.10 ;
T_6.8 ;
    %jmp T_6.6;
T_6.1 ;
    %ix/load 0, 1, 0;
    %assign/v0 v0x7f8cd6e11160_0, 0, 1;
    %load/v 8, v0x7f8cd6e11840_0, 1;
    %jmp/0xz  T_6.11, 8;
    %movi 8, 5, 3;
    %ix/load 0, 3, 0;
    %assign/v0 v0x7f8cd6e11220_0, 0, 8;
    %jmp T_6.12;
T_6.11 ;
    %load/v 8, v0x7f8cd6e10e10_0, 4;
    %cmpi/u 8, 9, 4;
    %jmp/0xz  T_6.13, 4;
    %movi 8, 3, 3;
    %ix/load 0, 3, 0;
    %assign/v0 v0x7f8cd6e11220_0, 0, 8;
    %jmp T_6.14;
T_6.13 ;
    %movi 8, 1, 3;
    %ix/load 0, 3, 0;
    %assign/v0 v0x7f8cd6e11220_0, 0, 8;
T_6.14 ;
T_6.12 ;
    %movi 8, 7, 4;
    %load/v 12, v0x7f8cd6e10e10_0, 4;
    %cmp/u 8, 12, 4;
    %or 5, 4, 1;
    %jmp/0xz  T_6.15, 5;
    %ix/load 0, 1, 0;
    %assign/v0 v0x7f8cd6e114d0_0, 0, 1;
    %ix/load 0, 1, 0;
    %assign/v0 v0x7f8cd6e113f0_0, 0, 1;
T_6.15 ;
    %movi 8, 8, 4;
    %load/v 12, v0x7f8cd6e10e10_0, 4;
    %cmp/u 8, 12, 4;
    %or 5, 4, 1;
    %jmp/0xz  T_6.17, 5;
    %ix/load 0, 1, 0;
    %assign/v0 v0x7f8cd6e116c0_0, 0, 1;
T_6.17 ;
    %jmp T_6.6;
T_6.2 ;
    %ix/load 0, 1, 0;
    %assign/v0 v0x7f8cd6e11160_0, 0, 1;
    %load/v 8, v0x7f8cd6e11640_0, 1;
    %jmp/0xz  T_6.19, 8;
    %movi 8, 1, 3;
    %ix/load 0, 3, 0;
    %assign/v0 v0x7f8cd6e11220_0, 0, 8;
    %jmp T_6.20;
T_6.19 ;
    %movi 8, 2, 3;
    %ix/load 0, 3, 0;
    %assign/v0 v0x7f8cd6e11220_0, 0, 8;
T_6.20 ;
    %jmp T_6.6;
T_6.3 ;
    %ix/load 0, 1, 0;
    %assign/v0 v0x7f8cd6e11160_0, 0, 1;
    %ix/load 0, 1, 0;
    %assign/v0 v0x7f8cd6e113f0_0, 0, 0;
    %ix/load 0, 1, 0;
    %assign/v0 v0x7f8cd6e116c0_0, 0, 0;
    %ix/load 0, 1, 0;
    %assign/v0 v0x7f8cd6e114d0_0, 0, 1;
    %load/v 8, v0x7f8cd6e11840_0, 1;
    %jmp/0xz  T_6.21, 8;
    %movi 8, 5, 3;
    %ix/load 0, 3, 0;
    %assign/v0 v0x7f8cd6e11220_0, 0, 8;
    %jmp T_6.22;
T_6.21 ;
    %load/v 8, v0x7f8cd6e11030_0, 1;
    %jmp/0xz  T_6.23, 8;
    %movi 8, 4, 3;
    %ix/load 0, 3, 0;
    %assign/v0 v0x7f8cd6e11220_0, 0, 8;
    %jmp T_6.24;
T_6.23 ;
    %movi 8, 3, 3;
    %ix/load 0, 3, 0;
    %assign/v0 v0x7f8cd6e11220_0, 0, 8;
T_6.24 ;
T_6.22 ;
    %jmp T_6.6;
T_6.4 ;
    %ix/load 0, 1, 0;
    %assign/v0 v0x7f8cd6e11160_0, 0, 0;
    %load/v 8, v0x7f8cd6e10e10_0, 4;
    %cmpi/u 8, 0, 4;
    %jmp/0xz  T_6.25, 4;
    %ix/load 0, 3, 0;
    %assign/v0 v0x7f8cd6e11220_0, 0, 0;
    %jmp T_6.26;
T_6.25 ;
    %movi 8, 4, 3;
    %ix/load 0, 3, 0;
    %assign/v0 v0x7f8cd6e11220_0, 0, 8;
T_6.26 ;
    %jmp T_6.6;
T_6.5 ;
    %ix/load 0, 1, 0;
    %assign/v0 v0x7f8cd6e11160_0, 0, 1;
    %movi 8, 9, 4;
    %load/v 12, v0x7f8cd6e10e10_0, 4;
    %cmp/u 8, 12, 4;
    %or 5, 4, 1;
    %jmp/0xz  T_6.27, 5;
    %ix/load 0, 3, 0;
    %assign/v0 v0x7f8cd6e11220_0, 0, 0;
    %jmp T_6.28;
T_6.27 ;
    %movi 8, 5, 3;
    %ix/load 0, 3, 0;
    %assign/v0 v0x7f8cd6e11220_0, 0, 8;
T_6.28 ;
    %jmp T_6.6;
T_6.6 ;
    %jmp T_6;
    .thread T_6;
# The file index is used to find the file name in the following table.
:file_names 4;
    "N/A";
    "<interactive>";
    "scanner.v";
    "./buffer_new.v";
