#! /usr/local/Cellar/icarus-verilog/0.9.7/bin/vvp
:ivl_version "0.9.7 " "(v0_9_7)";
:vpi_time_precision + 0;
:vpi_module "system";
:vpi_module "v2005_math";
:vpi_module "va_math";
S_0x7fd0bde01f50 .scope module, "serial_buffer_TB" "serial_buffer_TB" 2 3;
 .timescale 0 0;
P_0x7fd0bde01b28 .param/l "delay" 2 12, +C4<0101>;
v0x7fd0bde12520_0 .net "bit_out", 0 0, v0x7fd0bde12210_0; 1 drivers
v0x7fd0bde125b0_0 .var/i "i", 31 0;
v0x7fd0bde12630_0 .var "load", 0 0;
v0x7fd0bde126f0_0 .var "parallel_in", 10 0;
v0x7fd0bde12790_0 .var "rst", 0 0;
v0x7fd0bde12840_0 .var "sr_clk", 0 0;
S_0x7fd0bde02030 .scope module, "dut" "serial_buffer" 2 8, 3 1, S_0x7fd0bde01f50;
 .timescale 0 0;
v0x7fd0bde02170_0 .var "bitShift", 10 0;
v0x7fd0bde12210_0 .var "bit_out", 0 0;
v0x7fd0bde122a0_0 .net "load", 0 0, v0x7fd0bde12630_0; 1 drivers
v0x7fd0bde12340_0 .net "parallel_in", 10 0, v0x7fd0bde126f0_0; 1 drivers
v0x7fd0bde123d0_0 .net "rst", 0 0, v0x7fd0bde12790_0; 1 drivers
v0x7fd0bde12490_0 .net "sr_clk", 0 0, v0x7fd0bde12840_0; 1 drivers
E_0x7fd0bde02110 .event posedge, v0x7fd0bde12490_0;
E_0x7fd0bde02140/0 .event negedge, v0x7fd0bde123d0_0;
E_0x7fd0bde02140/1 .event posedge, v0x7fd0bde122a0_0, v0x7fd0bde12490_0;
E_0x7fd0bde02140 .event/or E_0x7fd0bde02140/0, E_0x7fd0bde02140/1;
    .scope S_0x7fd0bde02030;
T_0 ;
    %set/v v0x7fd0bde02170_0, 1, 11;
    %end;
    .thread T_0;
    .scope S_0x7fd0bde02030;
T_1 ;
    %wait E_0x7fd0bde02140;
    %load/v 8, v0x7fd0bde123d0_0, 1;
    %inv 8, 1;
    %jmp/0xz  T_1.0, 8;
    %ix/load 0, 11, 0;
    %assign/v0 v0x7fd0bde02170_0, 0, 1;
    %jmp T_1.1;
T_1.0 ;
    %load/v 8, v0x7fd0bde122a0_0, 1;
    %jmp/0xz  T_1.2, 8;
    %load/v 8, v0x7fd0bde12340_0, 11;
    %ix/load 0, 11, 0;
    %assign/v0 v0x7fd0bde02170_0, 0, 8;
    %jmp T_1.3;
T_1.2 ;
    %load/v 8, v0x7fd0bde12490_0, 1;
    %jmp/0xz  T_1.4, 8;
    %ix/load 1, 1, 0;
    %mov 4, 0, 1;
    %jmp/1 T_1.6, 4;
    %load/x1p 19, v0x7fd0bde02170_0, 10;
    %jmp T_1.7;
T_1.6 ;
    %mov 19, 2, 10;
T_1.7 ;
    %mov 8, 19, 10; Move signal select into place
    %mov 18, 1, 1;
    %ix/load 0, 11, 0;
    %assign/v0 v0x7fd0bde02170_0, 0, 8;
T_1.4 ;
T_1.3 ;
T_1.1 ;
    %jmp T_1;
    .thread T_1;
    .scope S_0x7fd0bde02030;
T_2 ;
    %wait E_0x7fd0bde02110;
    %load/v 8, v0x7fd0bde02170_0, 1; Only need 1 of 11 bits
; Save base=8 wid=1 in lookaside.
    %ix/load 0, 1, 0;
    %assign/v0 v0x7fd0bde12210_0, 0, 8;
    %jmp T_2;
    .thread T_2;
    .scope S_0x7fd0bde01f50;
T_3 ;
    %set/v v0x7fd0bde126f0_0, 0, 11;
    %set/v v0x7fd0bde12840_0, 0, 1;
    %set/v v0x7fd0bde12630_0, 0, 1;
    %set/v v0x7fd0bde12790_0, 0, 1;
    %delay 5, 0;
    %set/v v0x7fd0bde12790_0, 1, 1;
    %set/v v0x7fd0bde12630_0, 1, 1;
    %movi 8, 2004, 11;
    %set/v v0x7fd0bde126f0_0, 8, 11;
    %delay 1, 0;
    %set/v v0x7fd0bde12630_0, 0, 1;
    %set/v v0x7fd0bde125b0_0, 0, 32;
T_3.0 ;
    %load/v 8, v0x7fd0bde125b0_0, 32;
   %cmpi/s 8, 15, 32;
    %jmp/0xz T_3.1, 5;
    %delay 1, 0;
    %set/v v0x7fd0bde12840_0, 1, 1;
    %delay 1, 0;
    %set/v v0x7fd0bde12840_0, 0, 1;
    %ix/load 0, 1, 0;
    %load/vp0/s 8, v0x7fd0bde125b0_0, 32;
    %set/v v0x7fd0bde125b0_0, 8, 32;
    %jmp T_3.0;
T_3.1 ;
    %delay 5, 0;
    %delay 5, 0;
    %delay 5, 0;
    %delay 5, 0;
    %vpi_call 2 35 "$finish";
    %end;
    .thread T_3;
    .scope S_0x7fd0bde01f50;
T_4 ;
    %vpi_call 2 39 "$dumpfile", "serial_buffer.vcd";
    %vpi_call 2 40 "$dumpvars", 2'sb01, S_0x7fd0bde02030;
    %end;
    .thread T_4;
# The file index is used to find the file name in the following table.
:file_names 4;
    "N/A";
    "<interactive>";
    "serial_buffer_TB.v";
    "./serial_buffer.v";
