#! c:/iverilog-x64/bin/vvp
:ivl_version "10.1 (stable)" "(v10_1_1)";
:ivl_delay_selection "TYPICAL";
:vpi_time_precision + 0;
:vpi_module "system";
:vpi_module "vhdl_sys";
:vpi_module "v2005_math";
:vpi_module "va_math";
S_00000000008fa6b0 .scope module, "top_testbench" "top_testbench" 2 2;
 .timescale 0 0;
P_00000000009243e0 .param/l "stimdelay" 0 2 11, +C4<00000000000000000001001110001000>;
v000000000097e430_0 .var "clk", 0 0;
v000000000097e390_0 .net "data_count", 7 0, v0000000000916ad0_0;  1 drivers
v000000000097e6b0_0 .net "data_count2", 7 0, v00000000009168f0_0;  1 drivers
v000000000097eed0_0 .net "hex0", 6 0, v000000000097fe70_0;  1 drivers
v000000000097f010_0 .net "hex1", 6 0, v000000000097e2f0_0;  1 drivers
v000000000097f650_0 .net "hex2", 6 0, v000000000097e930_0;  1 drivers
v000000000097ebb0_0 .var "rst", 0 0;
v000000000097fbf0_0 .var "start_scan", 0 0;
v000000000097ec50_0 .var "transfer_input", 0 0;
S_00000000008fa830 .scope module, "dutt" "top" 2 9, 3 3 0, S_00000000008fa6b0;
 .timescale 0 0;
    .port_info 0 /OUTPUT 7 "hex0"
    .port_info 1 /OUTPUT 7 "hex1"
    .port_info 2 /OUTPUT 7 "hex2"
    .port_info 3 /OUTPUT 8 "data_count"
    .port_info 4 /OUTPUT 8 "data_count2"
    .port_info 5 /INPUT 1 "start_scan"
    .port_info 6 /INPUT 1 "transfer_input"
    .port_info 7 /INPUT 1 "clk"
    .port_info 8 /INPUT 1 "rst"
P_00000000008f0660 .param/l "eight" 0 3 15, C4<0000000>;
P_00000000008f0698 .param/l "five" 0 3 14, C4<0010010>;
P_00000000008f06d0 .param/l "four" 0 3 14, C4<0011001>;
P_00000000008f0708 .param/l "nine" 0 3 15, C4<0011000>;
P_00000000008f0740 .param/l "one" 0 3 14, C4<1111001>;
P_00000000008f0778 .param/l "seven" 0 3 15, C4<1111000>;
P_00000000008f07b0 .param/l "six" 0 3 15, C4<0000010>;
P_00000000008f07e8 .param/l "three" 0 3 14, C4<0110000>;
P_00000000008f0820 .param/l "two" 0 3 14, C4<0100100>;
P_00000000008f0858 .param/l "zero" 0 3 14, C4<1000000>;
L_00000000008e78a0 .functor NOT 1, v000000000097fbf0_0, C4<0>, C4<0>, C4<0>;
L_00000000008e7980 .functor NOT 1, v000000000097fbf0_0, C4<0>, C4<0>, C4<0>;
L_00000000008e7360 .functor BUFZ 1, v0000000000915e50_0, C4<0>, C4<0>, C4<0>;
v000000000097ed90_0 .net *"_s0", 0 0, L_00000000008e78a0;  1 drivers
v000000000097f8d0_0 .net *"_s2", 0 0, L_00000000008e7980;  1 drivers
v000000000097e4d0_0 .net "clk", 0 0, v000000000097e430_0;  1 drivers
v000000000097e250_0 .net "data_count", 7 0, v0000000000916ad0_0;  alias, 1 drivers
v000000000097f470_0 .net "data_count2", 7 0, v00000000009168f0_0;  alias, 1 drivers
v000000000097fb50_0 .var "flush_signal", 0 0;
v000000000097f1f0_0 .var "flush_signal2", 0 0;
v000000000097e570_0 .var "go_to_standby1", 0 0;
v000000000097f5b0_0 .var "go_to_standby2", 0 0;
v000000000097fe70_0 .var "hex0", 6 0;
v000000000097e2f0_0 .var "hex1", 6 0;
v000000000097e930_0 .var "hex2", 6 0;
v000000000097e7f0_0 .net "hundreds", 3 0, v0000000000915130_0;  1 drivers
v000000000097e110_0 .net "ones", 3 0, v00000000009156d0_0;  1 drivers
v000000000097f150_0 .net "ready_first_buffer", 0 0, v0000000000915bd0_0;  1 drivers
v000000000097ff10_0 .net "ready_second_buffer", 0 0, v00000000009159f0_0;  1 drivers
v000000000097fa10_0 .net "ready_to_transfer", 0 0, v0000000000914cd0_0;  1 drivers
v000000000097e070_0 .net "ready_to_transfer2", 0 0, v0000000000915ef0_0;  1 drivers
v000000000097fab0_0 .net "rst", 0 0, v000000000097ebb0_0;  1 drivers
v000000000097f290_0 .net "start_first_buffer", 0 0, v00000000008fea50_0;  1 drivers
v000000000097f330_0 .net "start_scan", 0 0, v000000000097fbf0_0;  1 drivers
v000000000097ea70_0 .net "start_scan1", 0 0, L_000000000097f0b0;  1 drivers
v000000000097f3d0_0 .net "start_scan2", 0 0, L_00000000008e7360;  1 drivers
v000000000097ee30_0 .net "start_second_buffer", 0 0, v0000000000915e50_0;  1 drivers
v000000000097e1b0_0 .net "state", 2 0, v0000000000915d10_0;  1 drivers
v000000000097e890_0 .net "state2", 2 0, v000000000097e750_0;  1 drivers
v000000000097e9d0_0 .net "tens", 3 0, v0000000000915310_0;  1 drivers
v000000000097e610_0 .var "transfer", 0 0;
v000000000097eb10_0 .var "transfer2", 0 0;
v000000000097f790_0 .net "transfer_input", 0 0, v000000000097ec50_0;  1 drivers
L_000000000097f0b0 .functor MUXZ 1, v00000000008fea50_0, L_00000000008e7980, L_00000000008e78a0, C4<>;
S_00000000008e23c0 .scope module, "hex_display" "BCD" 3 23, 3 105 0, S_00000000008fa830;
 .timescale 0 0;
    .port_info 0 /INPUT 8 "number"
    .port_info 1 /OUTPUT 4 "hundreds"
    .port_info 2 /OUTPUT 4 "tens"
    .port_info 3 /OUTPUT 4 "ones"
v0000000000915130_0 .var "hundreds", 3 0;
v0000000000916a30_0 .var/i "i", 31 0;
v00000000009167b0_0 .net "number", 7 0, v0000000000916ad0_0;  alias, 1 drivers
v00000000009156d0_0 .var "ones", 3 0;
v0000000000915c70_0 .var "shift", 19 0;
v0000000000915310_0 .var "tens", 3 0;
E_0000000000923ae0 .event edge, v00000000009167b0_0;
S_00000000008e2540 .scope module, "scan" "scanner" 3 20, 4 3 0, S_00000000008fa830;
 .timescale 0 0;
    .port_info 0 /INPUT 1 "start_scan"
    .port_info 1 /OUTPUT 8 "data_count"
    .port_info 2 /OUTPUT 1 "ready_second_buffer"
    .port_info 3 /OUTPUT 1 "start_second_buffer"
    .port_info 4 /OUTPUT 1 "ready_to_transfer"
    .port_info 5 /INPUT 1 "transfer"
    .port_info 6 /INPUT 1 "flush_signal"
    .port_info 7 /INPUT 1 "go_to_standby"
    .port_info 8 /OUTPUT 3 "state"
    .port_info 9 /INPUT 1 "clk"
    .port_info 10 /INPUT 1 "rst"
P_000000000090dc20 .param/l "active" 0 4 13, C4<001>;
P_000000000090dc58 .param/l "flush" 0 4 13, C4<100>;
P_000000000090dc90 .param/l "idle" 0 4 13, C4<011>;
P_000000000090dcc8 .param/l "lowPower" 0 4 13, C4<000>;
P_000000000090dd00 .param/l "standby" 0 4 13, C4<010>;
v0000000000916850_0 .net "clk", 0 0, v000000000097e430_0;  alias, 1 drivers
v0000000000916210_0 .net "data_count", 7 0, v0000000000916ad0_0;  alias, 1 drivers
v0000000000914f50_0 .var "flush_buffer", 0 0;
v0000000000915270_0 .net "flush_signal", 0 0, v000000000097fb50_0;  1 drivers
v0000000000916170_0 .net "go_to_standby", 0 0, v0000000000915bd0_0;  alias, 1 drivers
v0000000000916710_0 .var "next", 2 0;
v00000000009159f0_0 .var "ready_second_buffer", 0 0;
v0000000000914cd0_0 .var "ready_to_transfer", 0 0;
v0000000000916350_0 .net "rst", 0 0, v000000000097ebb0_0;  alias, 1 drivers
v0000000000916490_0 .net "start_scan", 0 0, L_000000000097f0b0;  alias, 1 drivers
v0000000000915e50_0 .var "start_second_buffer", 0 0;
v0000000000915d10_0 .var "state", 2 0;
v00000000009154f0_0 .net "transfer", 0 0, v000000000097e610_0;  1 drivers
S_00000000008d7c50 .scope module, "buff" "buffer" 4 11, 5 1 0, S_00000000008e2540;
 .timescale 0 0;
    .port_info 0 /OUTPUT 8 "data_count"
    .port_info 1 /INPUT 1 "scanning"
    .port_info 2 /INPUT 1 "flush"
    .port_info 3 /INPUT 1 "transfer"
    .port_info 4 /INPUT 1 "clk"
    .port_info 5 /INPUT 1 "rst"
P_00000000008e26c0 .param/l "decrease" 0 5 9, C4<01>;
P_00000000008e26f8 .param/l "dump" 0 5 9, C4<11>;
P_00000000008e2730 .param/l "hold" 0 5 9, C4<00>;
P_00000000008e2768 .param/l "increase" 0 5 9, C4<10>;
v0000000000915590_0 .net *"_s4", 0 0, L_000000000097ecf0;  1 drivers
v0000000000916670_0 .net "clk", 0 0, v000000000097e430_0;  alias, 1 drivers
v0000000000916ad0_0 .var "data_count", 7 0;
v0000000000915950_0 .net "flush", 0 0, v0000000000914f50_0;  1 drivers
v00000000009153b0_0 .net "rst", 0 0, v000000000097ebb0_0;  alias, 1 drivers
v0000000000914eb0_0 .net "scanning", 0 0, L_000000000097f0b0;  alias, 1 drivers
v00000000009151d0_0 .var "sema", 1 0;
v0000000000916030_0 .var "tBase", 24 0;
v0000000000914d70_0 .net "transfer", 0 0, v000000000097e610_0;  alias, 1 drivers
E_00000000009246e0/0 .event negedge, v00000000009153b0_0;
E_00000000009246e0/1 .event posedge, v0000000000916670_0;
E_00000000009246e0 .event/or E_00000000009246e0/0, E_00000000009246e0/1;
E_00000000009240a0 .event posedge, L_000000000097ecf0;
E_00000000009241a0 .event posedge, v0000000000916670_0;
L_000000000097ecf0 .part v0000000000916030_0, 1, 1;
S_00000000008d7dd0 .scope module, "scan2" "scanner" 3 21, 4 3 0, S_00000000008fa830;
 .timescale 0 0;
    .port_info 0 /INPUT 1 "start_scan"
    .port_info 1 /OUTPUT 8 "data_count"
    .port_info 2 /OUTPUT 1 "ready_second_buffer"
    .port_info 3 /OUTPUT 1 "start_second_buffer"
    .port_info 4 /OUTPUT 1 "ready_to_transfer"
    .port_info 5 /INPUT 1 "transfer"
    .port_info 6 /INPUT 1 "flush_signal"
    .port_info 7 /INPUT 1 "go_to_standby"
    .port_info 8 /OUTPUT 3 "state"
    .port_info 9 /INPUT 1 "clk"
    .port_info 10 /INPUT 1 "rst"
P_000000000090d200 .param/l "active" 0 4 13, C4<001>;
P_000000000090d238 .param/l "flush" 0 4 13, C4<100>;
P_000000000090d270 .param/l "idle" 0 4 13, C4<011>;
P_000000000090d2a8 .param/l "lowPower" 0 4 13, C4<000>;
P_000000000090d2e0 .param/l "standby" 0 4 13, C4<010>;
v0000000000914ff0_0 .net "clk", 0 0, v000000000097e430_0;  alias, 1 drivers
v0000000000915090_0 .net "data_count", 7 0, v00000000009168f0_0;  alias, 1 drivers
v0000000000915770_0 .var "flush_buffer", 0 0;
v0000000000915810_0 .net "flush_signal", 0 0, v000000000097f1f0_0;  1 drivers
v00000000009160d0_0 .net "go_to_standby", 0 0, v00000000009159f0_0;  alias, 1 drivers
v00000000009158b0_0 .var "next", 2 0;
v0000000000915bd0_0 .var "ready_second_buffer", 0 0;
v0000000000915ef0_0 .var "ready_to_transfer", 0 0;
v00000000008ff770_0 .net "rst", 0 0, v000000000097ebb0_0;  alias, 1 drivers
v00000000008ff8b0_0 .net "start_scan", 0 0, L_00000000008e7360;  alias, 1 drivers
v00000000008fea50_0 .var "start_second_buffer", 0 0;
v000000000097e750_0 .var "state", 2 0;
v000000000097f970_0 .net "transfer", 0 0, v000000000097eb10_0;  1 drivers
S_00000000008f5140 .scope module, "buff" "buffer" 4 11, 5 1 0, S_00000000008d7dd0;
 .timescale 0 0;
    .port_info 0 /OUTPUT 8 "data_count"
    .port_info 1 /INPUT 1 "scanning"
    .port_info 2 /INPUT 1 "flush"
    .port_info 3 /INPUT 1 "transfer"
    .port_info 4 /INPUT 1 "clk"
    .port_info 5 /INPUT 1 "rst"
P_00000000008fa9b0 .param/l "decrease" 0 5 9, C4<01>;
P_00000000008fa9e8 .param/l "dump" 0 5 9, C4<11>;
P_00000000008faa20 .param/l "hold" 0 5 9, C4<00>;
P_00000000008faa58 .param/l "increase" 0 5 9, C4<10>;
v00000000009163f0_0 .net *"_s4", 0 0, L_000000000097ef70;  1 drivers
v0000000000914e10_0 .net "clk", 0 0, v000000000097e430_0;  alias, 1 drivers
v00000000009168f0_0 .var "data_count", 7 0;
v0000000000916530_0 .net "flush", 0 0, v0000000000915770_0;  1 drivers
v0000000000915db0_0 .net "rst", 0 0, v000000000097ebb0_0;  alias, 1 drivers
v0000000000915a90_0 .net "scanning", 0 0, L_00000000008e7360;  alias, 1 drivers
v00000000009165d0_0 .var "sema", 1 0;
v0000000000916b70_0 .var "tBase", 24 0;
v0000000000915b30_0 .net "transfer", 0 0, v000000000097eb10_0;  alias, 1 drivers
E_0000000000923920 .event posedge, L_000000000097ef70;
L_000000000097ef70 .part v0000000000916b70_0, 1, 1;
    .scope S_00000000008d7c50;
T_0 ;
    %pushi/vec4 0, 0, 8;
    %store/vec4 v0000000000916ad0_0, 0, 8;
    %end;
    .thread T_0;
    .scope S_00000000008d7c50;
T_1 ;
    %pushi/vec4 0, 0, 25;
    %store/vec4 v0000000000916030_0, 0, 25;
    %end;
    .thread T_1;
    .scope S_00000000008d7c50;
T_2 ;
    %pushi/vec4 0, 0, 2;
    %store/vec4 v00000000009151d0_0, 0, 2;
    %end;
    .thread T_2;
    .scope S_00000000008d7c50;
T_3 ;
    %wait E_00000000009241a0;
    %load/vec4 v0000000000916030_0;
    %addi 1, 0, 25;
    %assign/vec4 v0000000000916030_0, 0;
    %jmp T_3;
    .thread T_3;
    .scope S_00000000008d7c50;
T_4 ;
    %wait E_00000000009240a0;
    %load/vec4 v00000000009151d0_0;
    %dup/vec4;
    %pushi/vec4 0, 0, 2;
    %cmp/u;
    %jmp/1 T_4.0, 6;
    %dup/vec4;
    %pushi/vec4 2, 0, 2;
    %cmp/u;
    %jmp/1 T_4.1, 6;
    %dup/vec4;
    %pushi/vec4 1, 0, 2;
    %cmp/u;
    %jmp/1 T_4.2, 6;
    %dup/vec4;
    %pushi/vec4 3, 0, 2;
    %cmp/u;
    %jmp/1 T_4.3, 6;
    %load/vec4 v0000000000916ad0_0;
    %assign/vec4 v0000000000916ad0_0, 0;
    %jmp T_4.5;
T_4.0 ;
    %load/vec4 v0000000000916ad0_0;
    %assign/vec4 v0000000000916ad0_0, 0;
    %jmp T_4.5;
T_4.1 ;
    %load/vec4 v0000000000916ad0_0;
    %cmpi/u 100, 0, 8;
    %jmp/0xz  T_4.6, 5;
    %load/vec4 v0000000000916ad0_0;
    %addi 1, 0, 8;
    %assign/vec4 v0000000000916ad0_0, 0;
T_4.6 ;
    %jmp T_4.5;
T_4.2 ;
    %load/vec4 v0000000000916ad0_0;
    %cmpi/e 1, 0, 8;
    %jmp/0xz  T_4.8, 4;
    %pushi/vec4 0, 0, 8;
    %assign/vec4 v0000000000916ad0_0, 0;
    %jmp T_4.9;
T_4.8 ;
    %pushi/vec4 0, 0, 8;
    %load/vec4 v0000000000916ad0_0;
    %cmp/u;
    %jmp/0xz  T_4.10, 5;
    %load/vec4 v0000000000916ad0_0;
    %subi 2, 0, 8;
    %assign/vec4 v0000000000916ad0_0, 0;
T_4.10 ;
T_4.9 ;
    %jmp T_4.5;
T_4.3 ;
    %pushi/vec4 0, 0, 8;
    %assign/vec4 v0000000000916ad0_0, 0;
    %jmp T_4.5;
T_4.5 ;
    %pop/vec4 1;
    %jmp T_4;
    .thread T_4;
    .scope S_00000000008d7c50;
T_5 ;
    %wait E_00000000009246e0;
    %load/vec4 v00000000009153b0_0;
    %inv;
    %flag_set/vec4 8;
    %jmp/0xz  T_5.0, 8;
    %pushi/vec4 3, 0, 2;
    %assign/vec4 v00000000009151d0_0, 0;
    %pushi/vec4 0, 0, 8;
    %assign/vec4 v0000000000916ad0_0, 0;
    %jmp T_5.1;
T_5.0 ;
    %load/vec4 v0000000000915950_0;
    %flag_set/vec4 8;
    %jmp/0xz  T_5.2, 8;
    %pushi/vec4 3, 0, 2;
    %assign/vec4 v00000000009151d0_0, 0;
    %pushi/vec4 0, 0, 8;
    %assign/vec4 v0000000000916ad0_0, 0;
    %jmp T_5.3;
T_5.2 ;
    %load/vec4 v0000000000914eb0_0;
    %flag_set/vec4 8;
    %jmp/0xz  T_5.4, 8;
    %pushi/vec4 2, 0, 2;
    %assign/vec4 v00000000009151d0_0, 0;
    %jmp T_5.5;
T_5.4 ;
    %load/vec4 v0000000000914d70_0;
    %flag_set/vec4 8;
    %jmp/0xz  T_5.6, 8;
    %pushi/vec4 1, 0, 2;
    %assign/vec4 v00000000009151d0_0, 0;
T_5.6 ;
T_5.5 ;
T_5.3 ;
T_5.1 ;
    %jmp T_5;
    .thread T_5;
    .scope S_00000000008e2540;
T_6 ;
    %pushi/vec4 0, 0, 1;
    %store/vec4 v00000000009159f0_0, 0, 1;
    %end;
    .thread T_6;
    .scope S_00000000008e2540;
T_7 ;
    %pushi/vec4 0, 0, 1;
    %store/vec4 v0000000000915e50_0, 0, 1;
    %end;
    .thread T_7;
    .scope S_00000000008e2540;
T_8 ;
    %pushi/vec4 0, 0, 1;
    %store/vec4 v0000000000914f50_0, 0, 1;
    %end;
    .thread T_8;
    .scope S_00000000008e2540;
T_9 ;
    %wait E_00000000009246e0;
    %load/vec4 v0000000000916350_0;
    %inv;
    %flag_set/vec4 8;
    %jmp/0xz  T_9.0, 8;
    %pushi/vec4 0, 0, 3;
    %assign/vec4 v0000000000915d10_0, 0;
    %jmp T_9.1;
T_9.0 ;
    %load/vec4 v0000000000916710_0;
    %assign/vec4 v0000000000915d10_0, 0;
T_9.1 ;
    %jmp T_9;
    .thread T_9;
    .scope S_00000000008e2540;
T_10 ;
    %wait E_00000000009241a0;
    %pushi/vec4 0, 0, 1;
    %assign/vec4 v0000000000914f50_0, 0;
    %load/vec4 v0000000000915d10_0;
    %dup/vec4;
    %pushi/vec4 0, 0, 3;
    %cmp/u;
    %jmp/1 T_10.0, 6;
    %dup/vec4;
    %pushi/vec4 1, 0, 3;
    %cmp/u;
    %jmp/1 T_10.1, 6;
    %dup/vec4;
    %pushi/vec4 2, 0, 3;
    %cmp/u;
    %jmp/1 T_10.2, 6;
    %dup/vec4;
    %pushi/vec4 3, 0, 3;
    %cmp/u;
    %jmp/1 T_10.3, 6;
    %dup/vec4;
    %pushi/vec4 4, 0, 3;
    %cmp/u;
    %jmp/1 T_10.4, 6;
    %jmp T_10.5;
T_10.0 ;
    %pushi/vec4 0, 0, 1;
    %assign/vec4 v0000000000914cd0_0, 0;
    %load/vec4 v0000000000916490_0;
    %load/vec4 v00000000009154f0_0;
    %pushi/vec4 0, 0, 1;
    %cmp/e;
    %flag_get/vec4 4;
    %and;
    %flag_set/vec4 8;
    %jmp/0xz  T_10.6, 8;
    %pushi/vec4 1, 0, 3;
    %assign/vec4 v0000000000916710_0, 0;
    %jmp T_10.7;
T_10.6 ;
    %load/vec4 v0000000000916170_0;
    %flag_set/vec4 8;
    %jmp/0xz  T_10.8, 8;
    %pushi/vec4 2, 0, 3;
    %assign/vec4 v0000000000916710_0, 0;
    %jmp T_10.9;
T_10.8 ;
    %pushi/vec4 0, 0, 3;
    %assign/vec4 v0000000000916710_0, 0;
T_10.9 ;
T_10.7 ;
    %jmp T_10.5;
T_10.1 ;
    %pushi/vec4 80, 0, 8;
    %load/vec4 v0000000000916210_0;
    %cmp/u;
    %flag_or 5, 4;
    %jmp/0xz  T_10.10, 5;
    %pushi/vec4 1, 0, 1;
    %assign/vec4 v0000000000914cd0_0, 0;
    %pushi/vec4 1, 0, 1;
    %assign/vec4 v00000000009159f0_0, 0;
T_10.10 ;
    %pushi/vec4 90, 0, 8;
    %load/vec4 v0000000000916210_0;
    %cmp/u;
    %flag_or 5, 4;
    %jmp/0xz  T_10.12, 5;
    %pushi/vec4 1, 0, 1;
    %assign/vec4 v0000000000915e50_0, 0;
T_10.12 ;
    %load/vec4 v0000000000916210_0;
    %cmpi/e 100, 0, 8;
    %jmp/0xz  T_10.14, 4;
    %pushi/vec4 3, 0, 3;
    %assign/vec4 v0000000000916710_0, 0;
    %jmp T_10.15;
T_10.14 ;
    %pushi/vec4 1, 0, 3;
    %assign/vec4 v0000000000916710_0, 0;
T_10.15 ;
    %jmp T_10.5;
T_10.2 ;
    %load/vec4 v0000000000916490_0;
    %flag_set/vec4 8;
    %jmp/0xz  T_10.16, 8;
    %pushi/vec4 1, 0, 3;
    %assign/vec4 v0000000000916710_0, 0;
    %jmp T_10.17;
T_10.16 ;
    %pushi/vec4 2, 0, 3;
    %assign/vec4 v0000000000916710_0, 0;
T_10.17 ;
    %jmp T_10.5;
T_10.3 ;
    %pushi/vec4 0, 0, 1;
    %assign/vec4 v00000000009159f0_0, 0;
    %pushi/vec4 0, 0, 1;
    %assign/vec4 v0000000000915e50_0, 0;
    %pushi/vec4 1, 0, 1;
    %assign/vec4 v0000000000914cd0_0, 0;
    %load/vec4 v00000000009154f0_0;
    %flag_set/vec4 8;
    %jmp/0xz  T_10.18, 8;
    %pushi/vec4 0, 0, 3;
    %assign/vec4 v0000000000916710_0, 0;
    %jmp T_10.19;
T_10.18 ;
    %load/vec4 v0000000000915270_0;
    %flag_set/vec4 8;
    %jmp/0xz  T_10.20, 8;
    %pushi/vec4 4, 0, 3;
    %assign/vec4 v0000000000916710_0, 0;
    %jmp T_10.21;
T_10.20 ;
    %pushi/vec4 3, 0, 3;
    %assign/vec4 v0000000000916710_0, 0;
T_10.21 ;
T_10.19 ;
    %jmp T_10.5;
T_10.4 ;
    %pushi/vec4 1, 0, 1;
    %assign/vec4 v0000000000914f50_0, 0;
    %pushi/vec4 0, 0, 3;
    %assign/vec4 v0000000000916710_0, 0;
    %jmp T_10.5;
T_10.5 ;
    %pop/vec4 1;
    %jmp T_10;
    .thread T_10;
    .scope S_00000000008f5140;
T_11 ;
    %pushi/vec4 0, 0, 8;
    %store/vec4 v00000000009168f0_0, 0, 8;
    %end;
    .thread T_11;
    .scope S_00000000008f5140;
T_12 ;
    %pushi/vec4 0, 0, 25;
    %store/vec4 v0000000000916b70_0, 0, 25;
    %end;
    .thread T_12;
    .scope S_00000000008f5140;
T_13 ;
    %pushi/vec4 0, 0, 2;
    %store/vec4 v00000000009165d0_0, 0, 2;
    %end;
    .thread T_13;
    .scope S_00000000008f5140;
T_14 ;
    %wait E_00000000009241a0;
    %load/vec4 v0000000000916b70_0;
    %addi 1, 0, 25;
    %assign/vec4 v0000000000916b70_0, 0;
    %jmp T_14;
    .thread T_14;
    .scope S_00000000008f5140;
T_15 ;
    %wait E_0000000000923920;
    %load/vec4 v00000000009165d0_0;
    %dup/vec4;
    %pushi/vec4 0, 0, 2;
    %cmp/u;
    %jmp/1 T_15.0, 6;
    %dup/vec4;
    %pushi/vec4 2, 0, 2;
    %cmp/u;
    %jmp/1 T_15.1, 6;
    %dup/vec4;
    %pushi/vec4 1, 0, 2;
    %cmp/u;
    %jmp/1 T_15.2, 6;
    %dup/vec4;
    %pushi/vec4 3, 0, 2;
    %cmp/u;
    %jmp/1 T_15.3, 6;
    %load/vec4 v00000000009168f0_0;
    %assign/vec4 v00000000009168f0_0, 0;
    %jmp T_15.5;
T_15.0 ;
    %load/vec4 v00000000009168f0_0;
    %assign/vec4 v00000000009168f0_0, 0;
    %jmp T_15.5;
T_15.1 ;
    %load/vec4 v00000000009168f0_0;
    %cmpi/u 100, 0, 8;
    %jmp/0xz  T_15.6, 5;
    %load/vec4 v00000000009168f0_0;
    %addi 1, 0, 8;
    %assign/vec4 v00000000009168f0_0, 0;
T_15.6 ;
    %jmp T_15.5;
T_15.2 ;
    %load/vec4 v00000000009168f0_0;
    %cmpi/e 1, 0, 8;
    %jmp/0xz  T_15.8, 4;
    %pushi/vec4 0, 0, 8;
    %assign/vec4 v00000000009168f0_0, 0;
    %jmp T_15.9;
T_15.8 ;
    %pushi/vec4 0, 0, 8;
    %load/vec4 v00000000009168f0_0;
    %cmp/u;
    %jmp/0xz  T_15.10, 5;
    %load/vec4 v00000000009168f0_0;
    %subi 2, 0, 8;
    %assign/vec4 v00000000009168f0_0, 0;
T_15.10 ;
T_15.9 ;
    %jmp T_15.5;
T_15.3 ;
    %pushi/vec4 0, 0, 8;
    %assign/vec4 v00000000009168f0_0, 0;
    %jmp T_15.5;
T_15.5 ;
    %pop/vec4 1;
    %jmp T_15;
    .thread T_15;
    .scope S_00000000008f5140;
T_16 ;
    %wait E_00000000009246e0;
    %load/vec4 v0000000000915db0_0;
    %inv;
    %flag_set/vec4 8;
    %jmp/0xz  T_16.0, 8;
    %pushi/vec4 3, 0, 2;
    %assign/vec4 v00000000009165d0_0, 0;
    %pushi/vec4 0, 0, 8;
    %assign/vec4 v00000000009168f0_0, 0;
    %jmp T_16.1;
T_16.0 ;
    %load/vec4 v0000000000916530_0;
    %flag_set/vec4 8;
    %jmp/0xz  T_16.2, 8;
    %pushi/vec4 3, 0, 2;
    %assign/vec4 v00000000009165d0_0, 0;
    %pushi/vec4 0, 0, 8;
    %assign/vec4 v00000000009168f0_0, 0;
    %jmp T_16.3;
T_16.2 ;
    %load/vec4 v0000000000915a90_0;
    %flag_set/vec4 8;
    %jmp/0xz  T_16.4, 8;
    %pushi/vec4 2, 0, 2;
    %assign/vec4 v00000000009165d0_0, 0;
    %jmp T_16.5;
T_16.4 ;
    %load/vec4 v0000000000915b30_0;
    %flag_set/vec4 8;
    %jmp/0xz  T_16.6, 8;
    %pushi/vec4 1, 0, 2;
    %assign/vec4 v00000000009165d0_0, 0;
T_16.6 ;
T_16.5 ;
T_16.3 ;
T_16.1 ;
    %jmp T_16;
    .thread T_16;
    .scope S_00000000008d7dd0;
T_17 ;
    %pushi/vec4 0, 0, 1;
    %store/vec4 v0000000000915bd0_0, 0, 1;
    %end;
    .thread T_17;
    .scope S_00000000008d7dd0;
T_18 ;
    %pushi/vec4 0, 0, 1;
    %store/vec4 v00000000008fea50_0, 0, 1;
    %end;
    .thread T_18;
    .scope S_00000000008d7dd0;
T_19 ;
    %pushi/vec4 0, 0, 1;
    %store/vec4 v0000000000915770_0, 0, 1;
    %end;
    .thread T_19;
    .scope S_00000000008d7dd0;
T_20 ;
    %wait E_00000000009246e0;
    %load/vec4 v00000000008ff770_0;
    %inv;
    %flag_set/vec4 8;
    %jmp/0xz  T_20.0, 8;
    %pushi/vec4 0, 0, 3;
    %assign/vec4 v000000000097e750_0, 0;
    %jmp T_20.1;
T_20.0 ;
    %load/vec4 v00000000009158b0_0;
    %assign/vec4 v000000000097e750_0, 0;
T_20.1 ;
    %jmp T_20;
    .thread T_20;
    .scope S_00000000008d7dd0;
T_21 ;
    %wait E_00000000009241a0;
    %pushi/vec4 0, 0, 1;
    %assign/vec4 v0000000000915770_0, 0;
    %load/vec4 v000000000097e750_0;
    %dup/vec4;
    %pushi/vec4 0, 0, 3;
    %cmp/u;
    %jmp/1 T_21.0, 6;
    %dup/vec4;
    %pushi/vec4 1, 0, 3;
    %cmp/u;
    %jmp/1 T_21.1, 6;
    %dup/vec4;
    %pushi/vec4 2, 0, 3;
    %cmp/u;
    %jmp/1 T_21.2, 6;
    %dup/vec4;
    %pushi/vec4 3, 0, 3;
    %cmp/u;
    %jmp/1 T_21.3, 6;
    %dup/vec4;
    %pushi/vec4 4, 0, 3;
    %cmp/u;
    %jmp/1 T_21.4, 6;
    %jmp T_21.5;
T_21.0 ;
    %pushi/vec4 0, 0, 1;
    %assign/vec4 v0000000000915ef0_0, 0;
    %load/vec4 v00000000008ff8b0_0;
    %load/vec4 v000000000097f970_0;
    %pushi/vec4 0, 0, 1;
    %cmp/e;
    %flag_get/vec4 4;
    %and;
    %flag_set/vec4 8;
    %jmp/0xz  T_21.6, 8;
    %pushi/vec4 1, 0, 3;
    %assign/vec4 v00000000009158b0_0, 0;
    %jmp T_21.7;
T_21.6 ;
    %load/vec4 v00000000009160d0_0;
    %flag_set/vec4 8;
    %jmp/0xz  T_21.8, 8;
    %pushi/vec4 2, 0, 3;
    %assign/vec4 v00000000009158b0_0, 0;
    %jmp T_21.9;
T_21.8 ;
    %pushi/vec4 0, 0, 3;
    %assign/vec4 v00000000009158b0_0, 0;
T_21.9 ;
T_21.7 ;
    %jmp T_21.5;
T_21.1 ;
    %pushi/vec4 80, 0, 8;
    %load/vec4 v0000000000915090_0;
    %cmp/u;
    %flag_or 5, 4;
    %jmp/0xz  T_21.10, 5;
    %pushi/vec4 1, 0, 1;
    %assign/vec4 v0000000000915ef0_0, 0;
    %pushi/vec4 1, 0, 1;
    %assign/vec4 v0000000000915bd0_0, 0;
T_21.10 ;
    %pushi/vec4 90, 0, 8;
    %load/vec4 v0000000000915090_0;
    %cmp/u;
    %flag_or 5, 4;
    %jmp/0xz  T_21.12, 5;
    %pushi/vec4 1, 0, 1;
    %assign/vec4 v00000000008fea50_0, 0;
T_21.12 ;
    %load/vec4 v0000000000915090_0;
    %cmpi/e 100, 0, 8;
    %jmp/0xz  T_21.14, 4;
    %pushi/vec4 3, 0, 3;
    %assign/vec4 v00000000009158b0_0, 0;
    %jmp T_21.15;
T_21.14 ;
    %pushi/vec4 1, 0, 3;
    %assign/vec4 v00000000009158b0_0, 0;
T_21.15 ;
    %jmp T_21.5;
T_21.2 ;
    %load/vec4 v00000000008ff8b0_0;
    %flag_set/vec4 8;
    %jmp/0xz  T_21.16, 8;
    %pushi/vec4 1, 0, 3;
    %assign/vec4 v00000000009158b0_0, 0;
    %jmp T_21.17;
T_21.16 ;
    %pushi/vec4 2, 0, 3;
    %assign/vec4 v00000000009158b0_0, 0;
T_21.17 ;
    %jmp T_21.5;
T_21.3 ;
    %pushi/vec4 0, 0, 1;
    %assign/vec4 v0000000000915bd0_0, 0;
    %pushi/vec4 0, 0, 1;
    %assign/vec4 v00000000008fea50_0, 0;
    %pushi/vec4 1, 0, 1;
    %assign/vec4 v0000000000915ef0_0, 0;
    %load/vec4 v000000000097f970_0;
    %flag_set/vec4 8;
    %jmp/0xz  T_21.18, 8;
    %pushi/vec4 0, 0, 3;
    %assign/vec4 v00000000009158b0_0, 0;
    %jmp T_21.19;
T_21.18 ;
    %load/vec4 v0000000000915810_0;
    %flag_set/vec4 8;
    %jmp/0xz  T_21.20, 8;
    %pushi/vec4 4, 0, 3;
    %assign/vec4 v00000000009158b0_0, 0;
    %jmp T_21.21;
T_21.20 ;
    %pushi/vec4 3, 0, 3;
    %assign/vec4 v00000000009158b0_0, 0;
T_21.21 ;
T_21.19 ;
    %jmp T_21.5;
T_21.4 ;
    %pushi/vec4 1, 0, 1;
    %assign/vec4 v0000000000915770_0, 0;
    %pushi/vec4 0, 0, 3;
    %assign/vec4 v00000000009158b0_0, 0;
    %jmp T_21.5;
T_21.5 ;
    %pop/vec4 1;
    %jmp T_21;
    .thread T_21;
    .scope S_00000000008e23c0;
T_22 ;
    %wait E_0000000000923ae0;
    %pushi/vec4 0, 0, 12;
    %ix/load 4, 8, 0;
    %flag_set/imm 4, 0;
    %store/vec4 v0000000000915c70_0, 4, 12;
    %load/vec4 v00000000009167b0_0;
    %ix/load 4, 0, 0;
    %flag_set/imm 4, 0;
    %store/vec4 v0000000000915c70_0, 4, 8;
    %pushi/vec4 0, 0, 32;
    %store/vec4 v0000000000916a30_0, 0, 32;
T_22.0 ;
    %load/vec4 v0000000000916a30_0;
    %cmpi/s 8, 0, 32;
    %jmp/0xz T_22.1, 5;
    %pushi/vec4 5, 0, 32;
    %load/vec4 v0000000000915c70_0;
    %parti/s 4, 8, 5;
    %pad/u 32;
    %cmp/u;
    %flag_or 5, 4;
    %jmp/0xz  T_22.2, 5;
    %load/vec4 v0000000000915c70_0;
    %parti/s 4, 8, 5;
    %addi 3, 0, 4;
    %ix/load 4, 8, 0;
    %flag_set/imm 4, 0;
    %store/vec4 v0000000000915c70_0, 4, 4;
T_22.2 ;
    %pushi/vec4 5, 0, 32;
    %load/vec4 v0000000000915c70_0;
    %parti/s 4, 12, 5;
    %pad/u 32;
    %cmp/u;
    %flag_or 5, 4;
    %jmp/0xz  T_22.4, 5;
    %load/vec4 v0000000000915c70_0;
    %parti/s 4, 12, 5;
    %addi 3, 0, 4;
    %ix/load 4, 12, 0;
    %flag_set/imm 4, 0;
    %store/vec4 v0000000000915c70_0, 4, 4;
T_22.4 ;
    %pushi/vec4 5, 0, 32;
    %load/vec4 v0000000000915c70_0;
    %parti/s 4, 16, 6;
    %pad/u 32;
    %cmp/u;
    %flag_or 5, 4;
    %jmp/0xz  T_22.6, 5;
    %load/vec4 v0000000000915c70_0;
    %parti/s 4, 16, 6;
    %addi 3, 0, 4;
    %ix/load 4, 16, 0;
    %flag_set/imm 4, 0;
    %store/vec4 v0000000000915c70_0, 4, 4;
T_22.6 ;
    %load/vec4 v0000000000915c70_0;
    %ix/load 4, 1, 0;
    %flag_set/imm 4, 0;
    %shiftl 4;
    %store/vec4 v0000000000915c70_0, 0, 20;
    %load/vec4 v0000000000916a30_0;
    %addi 1, 0, 32;
    %store/vec4 v0000000000916a30_0, 0, 32;
    %jmp T_22.0;
T_22.1 ;
    %load/vec4 v0000000000915c70_0;
    %parti/s 4, 16, 6;
    %store/vec4 v0000000000915130_0, 0, 4;
    %load/vec4 v0000000000915c70_0;
    %parti/s 4, 12, 5;
    %store/vec4 v0000000000915310_0, 0, 4;
    %load/vec4 v0000000000915c70_0;
    %parti/s 4, 8, 5;
    %store/vec4 v00000000009156d0_0, 0, 4;
    %jmp T_22;
    .thread T_22, $push;
    .scope S_00000000008fa830;
T_23 ;
    %pushi/vec4 0, 0, 1;
    %store/vec4 v000000000097e570_0, 0, 1;
    %end;
    .thread T_23;
    .scope S_00000000008fa830;
T_24 ;
    %pushi/vec4 0, 0, 1;
    %store/vec4 v000000000097f5b0_0, 0, 1;
    %end;
    .thread T_24;
    .scope S_00000000008fa830;
T_25 ;
    %pushi/vec4 0, 0, 1;
    %store/vec4 v000000000097fb50_0, 0, 1;
    %end;
    .thread T_25;
    .scope S_00000000008fa830;
T_26 ;
    %pushi/vec4 0, 0, 1;
    %store/vec4 v000000000097f1f0_0, 0, 1;
    %end;
    .thread T_26;
    .scope S_00000000008fa830;
T_27 ;
    %pushi/vec4 0, 0, 1;
    %store/vec4 v000000000097e610_0, 0, 1;
    %end;
    .thread T_27;
    .scope S_00000000008fa830;
T_28 ;
    %pushi/vec4 0, 0, 1;
    %store/vec4 v000000000097eb10_0, 0, 1;
    %end;
    .thread T_28;
    .scope S_00000000008fa830;
T_29 ;
    %wait E_00000000009241a0;
    %load/vec4 v000000000097fab0_0;
    %inv;
    %flag_set/vec4 8;
    %jmp/0xz  T_29.0, 8;
    %pushi/vec4 0, 0, 1;
    %assign/vec4 v000000000097e610_0, 0;
    %pushi/vec4 0, 0, 1;
    %assign/vec4 v000000000097eb10_0, 0;
    %pushi/vec4 0, 0, 1;
    %assign/vec4 v000000000097fb50_0, 0;
    %pushi/vec4 0, 0, 1;
    %assign/vec4 v000000000097f1f0_0, 0;
T_29.0 ;
    %load/vec4 v000000000097fa10_0;
    %load/vec4 v000000000097f790_0;
    %inv;
    %and;
    %flag_set/vec4 8;
    %jmp/0xz  T_29.2, 8;
    %pushi/vec4 1, 0, 1;
    %assign/vec4 v000000000097e610_0, 0;
    %jmp T_29.3;
T_29.2 ;
    %load/vec4 v000000000097e250_0;
    %cmpi/e 0, 0, 8;
    %jmp/0xz  T_29.4, 4;
    %pushi/vec4 0, 0, 1;
    %assign/vec4 v000000000097e610_0, 0;
T_29.4 ;
T_29.3 ;
    %load/vec4 v000000000097e070_0;
    %load/vec4 v000000000097f790_0;
    %inv;
    %and;
    %flag_set/vec4 8;
    %jmp/0xz  T_29.6, 8;
    %pushi/vec4 1, 0, 1;
    %assign/vec4 v000000000097eb10_0, 0;
    %jmp T_29.7;
T_29.6 ;
    %load/vec4 v000000000097f470_0;
    %cmpi/e 0, 0, 8;
    %jmp/0xz  T_29.8, 4;
    %pushi/vec4 0, 0, 1;
    %assign/vec4 v000000000097eb10_0, 0;
T_29.8 ;
T_29.7 ;
    %pushi/vec4 50, 0, 8;
    %load/vec4 v000000000097f470_0;
    %cmp/u;
    %flag_get/vec4 4;
    %flag_get/vec4 5;
    %or;
    %load/vec4 v000000000097e250_0;
    %pushi/vec4 100, 0, 8;
    %cmp/e;
    %flag_get/vec4 4;
    %and;
    %flag_set/vec4 8;
    %jmp/0xz  T_29.10, 8;
    %pushi/vec4 1, 0, 1;
    %assign/vec4 v000000000097fb50_0, 0;
    %jmp T_29.11;
T_29.10 ;
    %pushi/vec4 0, 0, 1;
    %assign/vec4 v000000000097fb50_0, 0;
T_29.11 ;
    %pushi/vec4 50, 0, 8;
    %load/vec4 v000000000097e250_0;
    %cmp/u;
    %flag_get/vec4 4;
    %flag_get/vec4 5;
    %or;
    %load/vec4 v000000000097f470_0;
    %pushi/vec4 100, 0, 8;
    %cmp/e;
    %flag_get/vec4 4;
    %and;
    %flag_set/vec4 8;
    %jmp/0xz  T_29.12, 8;
    %pushi/vec4 1, 0, 1;
    %assign/vec4 v000000000097f1f0_0, 0;
    %jmp T_29.13;
T_29.12 ;
    %pushi/vec4 0, 0, 1;
    %assign/vec4 v000000000097f1f0_0, 0;
T_29.13 ;
    %jmp T_29;
    .thread T_29;
    .scope S_00000000008fa830;
T_30 ;
    %wait E_00000000009241a0;
    %load/vec4 v000000000097e110_0;
    %dup/vec4;
    %pushi/vec4 0, 0, 4;
    %cmp/u;
    %jmp/1 T_30.0, 6;
    %dup/vec4;
    %pushi/vec4 1, 0, 4;
    %cmp/u;
    %jmp/1 T_30.1, 6;
    %dup/vec4;
    %pushi/vec4 2, 0, 4;
    %cmp/u;
    %jmp/1 T_30.2, 6;
    %dup/vec4;
    %pushi/vec4 3, 0, 4;
    %cmp/u;
    %jmp/1 T_30.3, 6;
    %dup/vec4;
    %pushi/vec4 4, 0, 4;
    %cmp/u;
    %jmp/1 T_30.4, 6;
    %dup/vec4;
    %pushi/vec4 5, 0, 4;
    %cmp/u;
    %jmp/1 T_30.5, 6;
    %dup/vec4;
    %pushi/vec4 6, 0, 4;
    %cmp/u;
    %jmp/1 T_30.6, 6;
    %dup/vec4;
    %pushi/vec4 7, 0, 4;
    %cmp/u;
    %jmp/1 T_30.7, 6;
    %dup/vec4;
    %pushi/vec4 8, 0, 4;
    %cmp/u;
    %jmp/1 T_30.8, 6;
    %dup/vec4;
    %pushi/vec4 9, 0, 4;
    %cmp/u;
    %jmp/1 T_30.9, 6;
    %pushi/vec4 127, 0, 7;
    %store/vec4 v000000000097fe70_0, 0, 7;
    %jmp T_30.11;
T_30.0 ;
    %pushi/vec4 64, 0, 7;
    %store/vec4 v000000000097fe70_0, 0, 7;
    %jmp T_30.11;
T_30.1 ;
    %pushi/vec4 121, 0, 7;
    %store/vec4 v000000000097fe70_0, 0, 7;
    %jmp T_30.11;
T_30.2 ;
    %pushi/vec4 36, 0, 7;
    %store/vec4 v000000000097fe70_0, 0, 7;
    %jmp T_30.11;
T_30.3 ;
    %pushi/vec4 48, 0, 7;
    %store/vec4 v000000000097fe70_0, 0, 7;
    %jmp T_30.11;
T_30.4 ;
    %pushi/vec4 25, 0, 7;
    %store/vec4 v000000000097fe70_0, 0, 7;
    %jmp T_30.11;
T_30.5 ;
    %pushi/vec4 18, 0, 7;
    %store/vec4 v000000000097fe70_0, 0, 7;
    %jmp T_30.11;
T_30.6 ;
    %pushi/vec4 2, 0, 7;
    %store/vec4 v000000000097fe70_0, 0, 7;
    %jmp T_30.11;
T_30.7 ;
    %pushi/vec4 120, 0, 7;
    %store/vec4 v000000000097fe70_0, 0, 7;
    %jmp T_30.11;
T_30.8 ;
    %pushi/vec4 0, 0, 7;
    %store/vec4 v000000000097fe70_0, 0, 7;
    %jmp T_30.11;
T_30.9 ;
    %pushi/vec4 24, 0, 7;
    %store/vec4 v000000000097fe70_0, 0, 7;
    %jmp T_30.11;
T_30.11 ;
    %pop/vec4 1;
    %load/vec4 v000000000097e9d0_0;
    %dup/vec4;
    %pushi/vec4 0, 0, 4;
    %cmp/u;
    %jmp/1 T_30.12, 6;
    %dup/vec4;
    %pushi/vec4 1, 0, 4;
    %cmp/u;
    %jmp/1 T_30.13, 6;
    %dup/vec4;
    %pushi/vec4 2, 0, 4;
    %cmp/u;
    %jmp/1 T_30.14, 6;
    %dup/vec4;
    %pushi/vec4 3, 0, 4;
    %cmp/u;
    %jmp/1 T_30.15, 6;
    %dup/vec4;
    %pushi/vec4 4, 0, 4;
    %cmp/u;
    %jmp/1 T_30.16, 6;
    %dup/vec4;
    %pushi/vec4 5, 0, 4;
    %cmp/u;
    %jmp/1 T_30.17, 6;
    %dup/vec4;
    %pushi/vec4 6, 0, 4;
    %cmp/u;
    %jmp/1 T_30.18, 6;
    %dup/vec4;
    %pushi/vec4 7, 0, 4;
    %cmp/u;
    %jmp/1 T_30.19, 6;
    %dup/vec4;
    %pushi/vec4 8, 0, 4;
    %cmp/u;
    %jmp/1 T_30.20, 6;
    %dup/vec4;
    %pushi/vec4 9, 0, 4;
    %cmp/u;
    %jmp/1 T_30.21, 6;
    %pushi/vec4 127, 0, 7;
    %store/vec4 v000000000097e2f0_0, 0, 7;
    %jmp T_30.23;
T_30.12 ;
    %pushi/vec4 64, 0, 7;
    %store/vec4 v000000000097e2f0_0, 0, 7;
    %jmp T_30.23;
T_30.13 ;
    %pushi/vec4 121, 0, 7;
    %store/vec4 v000000000097e2f0_0, 0, 7;
    %jmp T_30.23;
T_30.14 ;
    %pushi/vec4 36, 0, 7;
    %store/vec4 v000000000097e2f0_0, 0, 7;
    %jmp T_30.23;
T_30.15 ;
    %pushi/vec4 48, 0, 7;
    %store/vec4 v000000000097e2f0_0, 0, 7;
    %jmp T_30.23;
T_30.16 ;
    %pushi/vec4 25, 0, 7;
    %store/vec4 v000000000097e2f0_0, 0, 7;
    %jmp T_30.23;
T_30.17 ;
    %pushi/vec4 18, 0, 7;
    %store/vec4 v000000000097e2f0_0, 0, 7;
    %jmp T_30.23;
T_30.18 ;
    %pushi/vec4 2, 0, 7;
    %store/vec4 v000000000097e2f0_0, 0, 7;
    %jmp T_30.23;
T_30.19 ;
    %pushi/vec4 120, 0, 7;
    %store/vec4 v000000000097e2f0_0, 0, 7;
    %jmp T_30.23;
T_30.20 ;
    %pushi/vec4 0, 0, 7;
    %store/vec4 v000000000097e2f0_0, 0, 7;
    %jmp T_30.23;
T_30.21 ;
    %pushi/vec4 24, 0, 7;
    %store/vec4 v000000000097e2f0_0, 0, 7;
    %jmp T_30.23;
T_30.23 ;
    %pop/vec4 1;
    %load/vec4 v000000000097e7f0_0;
    %dup/vec4;
    %pushi/vec4 0, 0, 4;
    %cmp/u;
    %jmp/1 T_30.24, 6;
    %dup/vec4;
    %pushi/vec4 1, 0, 4;
    %cmp/u;
    %jmp/1 T_30.25, 6;
    %dup/vec4;
    %pushi/vec4 2, 0, 4;
    %cmp/u;
    %jmp/1 T_30.26, 6;
    %dup/vec4;
    %pushi/vec4 3, 0, 4;
    %cmp/u;
    %jmp/1 T_30.27, 6;
    %dup/vec4;
    %pushi/vec4 4, 0, 4;
    %cmp/u;
    %jmp/1 T_30.28, 6;
    %dup/vec4;
    %pushi/vec4 5, 0, 4;
    %cmp/u;
    %jmp/1 T_30.29, 6;
    %dup/vec4;
    %pushi/vec4 6, 0, 4;
    %cmp/u;
    %jmp/1 T_30.30, 6;
    %dup/vec4;
    %pushi/vec4 7, 0, 4;
    %cmp/u;
    %jmp/1 T_30.31, 6;
    %dup/vec4;
    %pushi/vec4 8, 0, 4;
    %cmp/u;
    %jmp/1 T_30.32, 6;
    %dup/vec4;
    %pushi/vec4 9, 0, 4;
    %cmp/u;
    %jmp/1 T_30.33, 6;
    %pushi/vec4 127, 0, 7;
    %store/vec4 v000000000097e930_0, 0, 7;
    %jmp T_30.35;
T_30.24 ;
    %pushi/vec4 64, 0, 7;
    %store/vec4 v000000000097e930_0, 0, 7;
    %jmp T_30.35;
T_30.25 ;
    %pushi/vec4 121, 0, 7;
    %store/vec4 v000000000097e930_0, 0, 7;
    %jmp T_30.35;
T_30.26 ;
    %pushi/vec4 36, 0, 7;
    %store/vec4 v000000000097e930_0, 0, 7;
    %jmp T_30.35;
T_30.27 ;
    %pushi/vec4 48, 0, 7;
    %store/vec4 v000000000097e930_0, 0, 7;
    %jmp T_30.35;
T_30.28 ;
    %pushi/vec4 25, 0, 7;
    %store/vec4 v000000000097e930_0, 0, 7;
    %jmp T_30.35;
T_30.29 ;
    %pushi/vec4 18, 0, 7;
    %store/vec4 v000000000097e930_0, 0, 7;
    %jmp T_30.35;
T_30.30 ;
    %pushi/vec4 2, 0, 7;
    %store/vec4 v000000000097e930_0, 0, 7;
    %jmp T_30.35;
T_30.31 ;
    %pushi/vec4 120, 0, 7;
    %store/vec4 v000000000097e930_0, 0, 7;
    %jmp T_30.35;
T_30.32 ;
    %pushi/vec4 0, 0, 7;
    %store/vec4 v000000000097e930_0, 0, 7;
    %jmp T_30.35;
T_30.33 ;
    %pushi/vec4 24, 0, 7;
    %store/vec4 v000000000097e930_0, 0, 7;
    %jmp T_30.35;
T_30.35 ;
    %pop/vec4 1;
    %jmp T_30;
    .thread T_30;
    .scope S_00000000008fa6b0;
T_31 ;
    %delay 1, 0;
    %load/vec4 v000000000097e430_0;
    %inv;
    %store/vec4 v000000000097e430_0, 0, 1;
    %jmp T_31;
    .thread T_31;
    .scope S_00000000008fa6b0;
T_32 ;
    %pushi/vec4 0, 0, 1;
    %store/vec4 v000000000097ebb0_0, 0, 1;
    %pushi/vec4 1, 0, 1;
    %store/vec4 v000000000097e430_0, 0, 1;
    %pushi/vec4 1, 0, 1;
    %store/vec4 v000000000097ec50_0, 0, 1;
    %delay 1, 0;
    %pushi/vec4 1, 0, 1;
    %store/vec4 v000000000097ebb0_0, 0, 1;
    %delay 1, 0;
    %pushi/vec4 0, 0, 1;
    %store/vec4 v000000000097fbf0_0, 0, 1;
    %delay 4, 0;
    %pushi/vec4 1, 0, 1;
    %store/vec4 v000000000097fbf0_0, 0, 1;
    %delay 4, 0;
    %pushi/vec4 0, 0, 1;
    %store/vec4 v000000000097fbf0_0, 0, 1;
    %delay 4, 0;
    %pushi/vec4 0, 0, 1;
    %store/vec4 v000000000097ec50_0, 0, 1;
    %delay 5000, 0;
    %vpi_call 2 28 "$finish" {0 0 0};
    %end;
    .thread T_32;
    .scope S_00000000008fa6b0;
T_33 ;
    %vpi_call 2 32 "$dumpfile", "top.vcd" {0 0 0};
    %vpi_call 2 33 "$dumpvars", 32'sb00000000000000000000000000000001, S_00000000008fa830 {0 0 0};
    %end;
    .thread T_33;
# The file index is used to find the file name in the following table.
:file_names 6;
    "N/A";
    "<interactive>";
    "top_testbench.v";
    "./top.v";
    "./scanner.v";
    "./buffer.v";
