Info: Starting: Create HDL design files for synthesis
Info: qsys-generate C:\Users\borenl93\Desktop\lab4\EE371-Labs\Lab4\cpu.qsys --synthesis=VERILOG --output-directory=C:\Users\borenl93\Desktop\lab4\EE371-Labs\Lab4\cpu\synthesis --family="Cyclone V" --part=5CSEMA5F31C6
Progress: Loading Lab4/cpu.qsys
Progress: Reading input file
Progress: Adding clk_0 [clock_source 16.0]
Progress: Parameterizing module clk_0
Progress: Adding cpu [altera_nios2_gen2 16.0]
Progress: Parameterizing module cpu
Progress: Adding jtag_uart [altera_avalon_jtag_uart 16.0]
Progress: Parameterizing module jtag_uart
Progress: Adding led_pio [altera_avalon_pio 16.0]
Progress: Parameterizing module led_pio
Progress: Adding onchip_mem [altera_avalon_onchip_memory2 16.0]
Progress: Parameterizing module onchip_mem
Progress: Adding sys_clk_timer [altera_avalon_timer 16.0]
Progress: Parameterizing module sys_clk_timer
Progress: Adding sysid [altera_avalon_sysid_qsys 16.0]
Progress: Parameterizing module sysid
Progress: Building connections
Progress: Parameterizing connections
Progress: Validating
Progress: Done reading input file
Info: cpu.jtag_uart: JTAG UART IP input clock need to be at least double (2x) the operating frequency of JTAG TCK on board
Info: cpu.sysid: System ID is not assigned automatically. Edit the System ID parameter to provide a unique ID
Info: cpu.sysid: Time stamp will be automatically updated when this component is generated.
Info: cpu: Generating cpu "cpu" for QUARTUS_SYNTH
Info: cpu: "cpu" instantiated altera_nios2_gen2 "cpu"
Info: jtag_uart: Starting RTL generation for module 'cpu_jtag_uart'
Info: jtag_uart:   Generation command is [exec C:/altera/16.0/quartus/bin64/perl/bin/perl.exe -I C:/altera/16.0/quartus/bin64/perl/lib -I C:/altera/16.0/quartus/sopc_builder/bin/europa -I C:/altera/16.0/quartus/sopc_builder/bin/perl_lib -I C:/altera/16.0/quartus/sopc_builder/bin -I C:/altera/16.0/quartus/../ip/altera/sopc_builder_ip/common -I C:/altera/16.0/quartus/../ip/altera/sopc_builder_ip/altera_avalon_jtag_uart -- C:/altera/16.0/quartus/../ip/altera/sopc_builder_ip/altera_avalon_jtag_uart/generate_rtl.pl --name=cpu_jtag_uart --dir=C:/Users/borenl93/AppData/Local/Temp/alt7126_2727549275279563049.dir/0001_jtag_uart_gen/ --quartus_dir=C:/altera/16.0/quartus --verilog --config=C:/Users/borenl93/AppData/Local/Temp/alt7126_2727549275279563049.dir/0001_jtag_uart_gen//cpu_jtag_uart_component_configuration.pl  --do_build_sim=0  ]
Info: jtag_uart: Done RTL generation for module 'cpu_jtag_uart'
Info: jtag_uart: "cpu" instantiated altera_avalon_jtag_uart "jtag_uart"
Info: led_pio: Starting RTL generation for module 'cpu_led_pio'
Info: led_pio:   Generation command is [exec C:/altera/16.0/quartus/bin64/perl/bin/perl.exe -I C:/altera/16.0/quartus/bin64/perl/lib -I C:/altera/16.0/quartus/sopc_builder/bin/europa -I C:/altera/16.0/quartus/sopc_builder/bin/perl_lib -I C:/altera/16.0/quartus/sopc_builder/bin -I C:/altera/16.0/quartus/../ip/altera/sopc_builder_ip/common -I C:/altera/16.0/quartus/../ip/altera/sopc_builder_ip/altera_avalon_pio -- C:/altera/16.0/quartus/../ip/altera/sopc_builder_ip/altera_avalon_pio/generate_rtl.pl --name=cpu_led_pio --dir=C:/Users/borenl93/AppData/Local/Temp/alt7126_2727549275279563049.dir/0002_led_pio_gen/ --quartus_dir=C:/altera/16.0/quartus --verilog --config=C:/Users/borenl93/AppData/Local/Temp/alt7126_2727549275279563049.dir/0002_led_pio_gen//cpu_led_pio_component_configuration.pl  --do_build_sim=0  ]
Info: led_pio: Done RTL generation for module 'cpu_led_pio'
Info: led_pio: "cpu" instantiated altera_avalon_pio "led_pio"
Info: onchip_mem: Starting RTL generation for module 'cpu_onchip_mem'
Info: onchip_mem:   Generation command is [exec C:/altera/16.0/quartus/bin64/perl/bin/perl.exe -I C:/altera/16.0/quartus/bin64/perl/lib -I C:/altera/16.0/quartus/sopc_builder/bin/europa -I C:/altera/16.0/quartus/sopc_builder/bin/perl_lib -I C:/altera/16.0/quartus/sopc_builder/bin -I C:/altera/16.0/quartus/../ip/altera/sopc_builder_ip/common -I C:/altera/16.0/quartus/../ip/altera/sopc_builder_ip/altera_avalon_onchip_memory2 -- C:/altera/16.0/quartus/../ip/altera/sopc_builder_ip/altera_avalon_onchip_memory2/generate_rtl.pl --name=cpu_onchip_mem --dir=C:/Users/borenl93/AppData/Local/Temp/alt7126_2727549275279563049.dir/0003_onchip_mem_gen/ --quartus_dir=C:/altera/16.0/quartus --verilog --config=C:/Users/borenl93/AppData/Local/Temp/alt7126_2727549275279563049.dir/0003_onchip_mem_gen//cpu_onchip_mem_component_configuration.pl  --do_build_sim=0  ]
Info: onchip_mem: Done RTL generation for module 'cpu_onchip_mem'
Info: onchip_mem: "cpu" instantiated altera_avalon_onchip_memory2 "onchip_mem"
Info: sys_clk_timer: Starting RTL generation for module 'cpu_sys_clk_timer'
Info: sys_clk_timer:   Generation command is [exec C:/altera/16.0/quartus/bin64//perl/bin/perl.exe -I C:/altera/16.0/quartus/bin64//perl/lib -I C:/altera/16.0/quartus/sopc_builder/bin/europa -I C:/altera/16.0/quartus/sopc_builder/bin/perl_lib -I C:/altera/16.0/quartus/sopc_builder/bin -I C:/altera/16.0/quartus/../ip/altera/sopc_builder_ip/common -I C:/altera/16.0/quartus/../ip/altera/sopc_builder_ip/altera_avalon_timer -- C:/altera/16.0/quartus/../ip/altera/sopc_builder_ip/altera_avalon_timer/generate_rtl.pl --name=cpu_sys_clk_timer --dir=C:/Users/borenl93/AppData/Local/Temp/alt7126_2727549275279563049.dir/0004_sys_clk_timer_gen/ --quartus_dir=C:/altera/16.0/quartus --verilog --config=C:/Users/borenl93/AppData/Local/Temp/alt7126_2727549275279563049.dir/0004_sys_clk_timer_gen//cpu_sys_clk_timer_component_configuration.pl  --do_build_sim=0  ]
Info: sys_clk_timer: Done RTL generation for module 'cpu_sys_clk_timer'
Info: sys_clk_timer: "cpu" instantiated altera_avalon_timer "sys_clk_timer"
Info: sysid: "cpu" instantiated altera_avalon_sysid_qsys "sysid"
Info: avalon_st_adapter: Inserting error_adapter: error_adapter_0
Info: avalon_st_adapter_001: Inserting error_adapter: error_adapter_0
Info: avalon_st_adapter_002: Inserting error_adapter: error_adapter_0
Info: avalon_st_adapter_003: Inserting error_adapter: error_adapter_0
Info: avalon_st_adapter_004: Inserting error_adapter: error_adapter_0
Info: avalon_st_adapter_005: Inserting error_adapter: error_adapter_0
Info: mm_interconnect_0: "cpu" instantiated altera_mm_interconnect "mm_interconnect_0"
Info: irq_mapper: "cpu" instantiated altera_irq_mapper "irq_mapper"
Info: rst_controller: "cpu" instantiated altera_reset_controller "rst_controller"
Info: cpu: Starting RTL generation for module 'cpu_cpu_cpu'
Info: cpu:   Generation command is [exec C:/altera/16.0/quartus/bin64//eperlcmd.exe -I C:/altera/16.0/quartus/bin64//perl/lib -I C:/altera/16.0/quartus/sopc_builder/bin/europa -I C:/altera/16.0/quartus/sopc_builder/bin/perl_lib -I C:/altera/16.0/quartus/sopc_builder/bin -I C:/altera/16.0/quartus/../ip/altera/nios2_ip/altera_nios2_gen2/cpu_lib -I C:/altera/16.0/quartus/../ip/altera/nios2_ip/altera_nios2_gen2/nios_lib -I C:/altera/16.0/quartus/../ip/altera/nios2_ip/altera_nios2_gen2 -I C:/altera/16.0/quartus/../ip/altera/nios2_ip/altera_nios2_gen2 -- C:/altera/16.0/quartus/../ip/altera/nios2_ip/altera_nios2_gen2/generate_rtl.epl --name=cpu_cpu_cpu --dir=C:/Users/borenl93/AppData/Local/Temp/alt7126_2727549275279563049.dir/0008_cpu_gen/ --quartus_bindir=C:/altera/16.0/quartus/bin64/ --verilog --config=C:/Users/borenl93/AppData/Local/Temp/alt7126_2727549275279563049.dir/0008_cpu_gen//cpu_cpu_cpu_processor_configuration.pl  --do_build_sim=0  ]
Info: cpu: # 2016.11.21 12:43:25 (*) Starting Nios II generation
Info: cpu: # 2016.11.21 12:43:25 (*)   Checking for plaintext license.
Info: cpu: # 2016.11.21 12:43:26 (*)   Couldn't query license setup in Quartus directory C:/altera/16.0/quartus/bin64/
Info: cpu: # 2016.11.21 12:43:26 (*)   Defaulting to contents of LM_LICENSE_FILE environment variable
Info: cpu: # 2016.11.21 12:43:26 (*)   Plaintext license not found.
Info: cpu: # 2016.11.21 12:43:26 (*)   Checking for encrypted license (non-evaluation).
Info: cpu: # 2016.11.21 12:43:27 (*)   Couldn't query license setup in Quartus directory C:/altera/16.0/quartus/bin64/
Info: cpu: # 2016.11.21 12:43:27 (*)   Defaulting to contents of LM_LICENSE_FILE environment variable
Info: cpu: # 2016.11.21 12:43:27 (*)   Encrypted license found.  SOF will not be time-limited.
Info: cpu: # 2016.11.21 12:43:27 (*)   Elaborating CPU configuration settings
Info: cpu: # 2016.11.21 12:43:27 (*)   Creating all objects for CPU
Info: cpu: # 2016.11.21 12:43:27 (*)     Testbench
Info: cpu: # 2016.11.21 12:43:27 (*)     Instruction decoding
Info: cpu: # 2016.11.21 12:43:27 (*)       Instruction fields
Info: cpu: # 2016.11.21 12:43:27 (*)       Instruction decodes
Info: cpu: # 2016.11.21 12:43:28 (*)       Signals for RTL simulation waveforms
Info: cpu: # 2016.11.21 12:43:28 (*)       Instruction controls
Info: cpu: # 2016.11.21 12:43:28 (*)     Pipeline frontend
Info: cpu: # 2016.11.21 12:43:28 (*)     Pipeline backend
Info: cpu: # 2016.11.21 12:43:30 (*)   Generating RTL from CPU objects
Info: cpu: # 2016.11.21 12:43:32 (*)   Creating encrypted RTL
Info: cpu: # 2016.11.21 12:43:33 (*) Done Nios II generation
Info: cpu: Done RTL generation for module 'cpu_cpu_cpu'
Info: cpu: "cpu" instantiated altera_nios2_gen2_unit "cpu"
Info: cpu_data_master_translator: "mm_interconnect_0" instantiated altera_merlin_master_translator "cpu_data_master_translator"
Info: jtag_uart_avalon_jtag_slave_translator: "mm_interconnect_0" instantiated altera_merlin_slave_translator "jtag_uart_avalon_jtag_slave_translator"
Info: cpu_data_master_agent: "mm_interconnect_0" instantiated altera_merlin_master_agent "cpu_data_master_agent"
Info: jtag_uart_avalon_jtag_slave_agent: "mm_interconnect_0" instantiated altera_merlin_slave_agent "jtag_uart_avalon_jtag_slave_agent"
Info: jtag_uart_avalon_jtag_slave_agent_rsp_fifo: "mm_interconnect_0" instantiated altera_avalon_sc_fifo "jtag_uart_avalon_jtag_slave_agent_rsp_fifo"
Info: router: "mm_interconnect_0" instantiated altera_merlin_router "router"
Info: router_001: "mm_interconnect_0" instantiated altera_merlin_router "router_001"
Info: router_002: "mm_interconnect_0" instantiated altera_merlin_router "router_002"
Info: router_004: "mm_interconnect_0" instantiated altera_merlin_router "router_004"
Info: cpu_instruction_master_limiter: "mm_interconnect_0" instantiated altera_merlin_traffic_limiter "cpu_instruction_master_limiter"
Info: Reusing file C:/Users/borenl93/Desktop/lab4/EE371-Labs/Lab4/cpu/synthesis/submodules/altera_avalon_sc_fifo.v
Info: cmd_demux: "mm_interconnect_0" instantiated altera_merlin_demultiplexer "cmd_demux"
Info: cmd_demux_001: "mm_interconnect_0" instantiated altera_merlin_demultiplexer "cmd_demux_001"
Info: cmd_mux: "mm_interconnect_0" instantiated altera_merlin_multiplexer "cmd_mux"
Info: cmd_mux_002: "mm_interconnect_0" instantiated altera_merlin_multiplexer "cmd_mux_002"
Info: Reusing file C:/Users/borenl93/Desktop/lab4/EE371-Labs/Lab4/cpu/synthesis/submodules/altera_merlin_arbitrator.sv
Info: rsp_demux: "mm_interconnect_0" instantiated altera_merlin_demultiplexer "rsp_demux"
Info: rsp_demux_002: "mm_interconnect_0" instantiated altera_merlin_demultiplexer "rsp_demux_002"
Info: rsp_mux: "mm_interconnect_0" instantiated altera_merlin_multiplexer "rsp_mux"
Info: Reusing file C:/Users/borenl93/Desktop/lab4/EE371-Labs/Lab4/cpu/synthesis/submodules/altera_merlin_arbitrator.sv
Info: rsp_mux_001: "mm_interconnect_0" instantiated altera_merlin_multiplexer "rsp_mux_001"
Info: Reusing file C:/Users/borenl93/Desktop/lab4/EE371-Labs/Lab4/cpu/synthesis/submodules/altera_merlin_arbitrator.sv
Info: avalon_st_adapter: "mm_interconnect_0" instantiated altera_avalon_st_adapter "avalon_st_adapter"
Info: error_adapter_0: "avalon_st_adapter" instantiated error_adapter "error_adapter_0"
Info: cpu: Done "cpu" with 31 modules, 50 files
Info: qsys-generate succeeded.
Info: Finished: Create HDL design files for synthesis
